# JRE version: Java(TM) SE Runtime Environment 18.9 (11.0.9+7) (build 11.0.9+7-LTS)
# Java VM: Java HotSpot(TM) 64-Bit Server VM 18.9 (11.0.9+7-LTS, mixed mode, tiered, compressed oops, g1 gc, windows-amd64)
Heap:
 garbage-first heap   total 251904K, used 166471K [0x0000000080000000, 0x0000000100000000)
  region size 1024K, 8 young (8192K), 7 survivors (7168K)
 Metaspace       used 121325K, capacity 125783K, committed 126000K, reserved 624640K
  class space    used 15951K, capacity 17684K, committed 17792K, reserved 516096K
GC Heap History (10 events):
Event: 65.348 GC heap before
{Heap before GC invocations=22 (full 0):
 garbage-first heap   total 251904K, used 192020K [0x0000000080000000, 0x0000000100000000)
  region size 1024K, 71 young (72704K), 12 survivors (12288K)
 Metaspace       used 111888K, capacity 115832K, committed 116144K, reserved 616448K
  class space    used 14700K, capacity 16265K, committed 16384K, reserved 516096K
}
Event: 65.361 GC heap after
{Heap after GC invocations=23 (full 0):
 garbage-first heap   total 251904K, used 140464K [0x0000000080000000, 0x0000000100000000)
  region size 1024K, 8 young (8192K), 8 survivors (8192K)
 Metaspace       used 111888K, capacity 115832K, committed 116144K, reserved 616448K
  class space    used 14700K, capacity 16265K, committed 16384K, reserved 516096K
}
Event: 65.615 GC heap before
{Heap before GC invocations=24 (full 0):
 garbage-first heap   total 251904K, used 144560K [0x0000000080000000, 0x0000000100000000)
  region size 1024K, 11 young (11264K), 8 survivors (8192K)
 Metaspace       used 111702K, capacity 115467K, committed 116144K, reserved 616448K
  class space    used 14643K, capacity 16123K, committed 16384K, reserved 516096K
}
Event: 65.625 GC heap after
{Heap after GC invocations=25 (full 0):
 garbage-first heap   total 251904K, used 144630K [0x0000000080000000, 0x0000000100000000)
  region size 1024K, 3 young (3072K), 3 survivors (3072K)
 Metaspace       used 111702K, capacity 115467K, committed 116144K, reserved 616448K
  class space    used 14643K, capacity 16123K, committed 16384K, reserved 516096K
}
Event: 66.670 GC heap before
{Heap before GC invocations=26 (full 0):
 garbage-first heap   total 251904K, used 207094K [0x0000000080000000, 0x0000000100000000)
  region size 1024K, 62 young (63488K), 3 survivors (3072K)
 Metaspace       used 114131K, capacity 118094K, committed 118448K, reserved 618496K
  class space    used 14959K, capacity 16524K, committed 16640K, reserved 516096K
}
Event: 66.681 GC heap after
{Heap after GC invocations=27 (full 0):
 garbage-first heap   total 251904K, used 153385K [0x0000000080000000, 0x0000000100000000)
  region size 1024K, 8 young (8192K), 8 survivors (8192K)
 Metaspace       used 114131K, capacity 118094K, committed 118448K, reserved 618496K
  class space    used 14959K, capacity 16524K, committed 16640K, reserved 516096K
}
Event: 67.791 GC heap before
{Heap before GC invocations=28 (full 0):
 garbage-first heap   total 251904K, used 210729K [0x0000000080000000, 0x0000000100000000)
  region size 1024K, 63 young (64512K), 8 survivors (8192K)
 Metaspace       used 117521K, capacity 121821K, committed 122032K, reserved 622592K
  class space    used 15412K, capacity 17080K, committed 17152K, reserved 516096K
}
Event: 67.799 GC heap after
{Heap after GC invocations=29 (full 0):
 garbage-first heap   total 251904K, used 158479K [0x0000000080000000, 0x0000000100000000)
  region size 1024K, 6 young (6144K), 6 survivors (6144K)
 Metaspace       used 117521K, capacity 121821K, committed 122032K, reserved 622592K
  class space    used 15412K, capacity 17080K, committed 17152K, reserved 516096K
}
Event: 68.813 GC heap before
{Heap before GC invocations=29 (full 0):
 garbage-first heap   total 251904K, used 209679K [0x0000000080000000, 0x0000000100000000)
  region size 1024K, 56 young (57344K), 6 survivors (6144K)
 Metaspace       used 119942K, capacity 124337K, committed 124464K, reserved 624640K
  class space    used 15768K, capacity 17470K, committed 17536K, reserved 516096K
}
Event: 68.823 GC heap after
{Heap after GC invocations=30 (full 0):
 garbage-first heap   total 251904K, used 161240K [0x0000000080000000, 0x0000000100000000)
  region size 1024K, 3 young (3072K), 3 survivors (3072K)
 Metaspace       used 119942K, capacity 124337K, committed 124464K, reserved 624640K
  class space    used 15768K, capacity 17470K, committed 17536K, reserved 516096K
}

